<?xml version="1.0" encoding="UTF-8"?>
<!-- Generated by org.testng.reporters.JUnitReportReporter -->
<testsuite hostname="AG300617-4" name="finalTest.calling" tests="1" failures="0" timestamp="7 Aug 2017 07:21:25 GMT" time="365.164" errors="0">
  <testcase name="g" time="365.164" classname="finalTest.calling"/>
</testsuite> <!-- finalTest.calling -->
